[debug] [2018-03-12T09:52:44.083Z] ----------------------------------------------------------------------
[debug] [2018-03-12T09:52:44.089Z] Command:       C:\Users\kj\node.exe C:\Users\이경진\AppData\Roaming\npm\node_modules\firebase-tools\bin\firebase experimental:functions:shell
[debug] [2018-03-12T09:52:44.090Z] CLI Version:   3.17.4
[debug] [2018-03-12T09:52:44.091Z] Platform:      win32
[debug] [2018-03-12T09:52:44.091Z] Node Version:  v8.9.4
[debug] [2018-03-12T09:52:44.095Z] Time:          Mon Mar 12 2018 18:52:44 GMT+0900 (대한민국 표준시)
[debug] [2018-03-12T09:52:44.095Z] ----------------------------------------------------------------------
[debug] 
[debug] [2018-03-12T09:52:44.150Z] > command requires scopes: ["email","openid","https://www.googleapis.com/auth/cloudplatformprojects.readonly","https://www.googleapis.com/auth/firebase","https://www.googleapis.com/auth/cloud-platform"]
[debug] [2018-03-12T09:52:44.152Z] > authorizing via signed-in user
[debug] [2018-03-12T09:52:44.158Z] > refreshing access token with scopes: ["email","https://www.googleapis.com/auth/cloud-platform","https://www.googleapis.com/auth/cloudplatformprojects.readonly","https://www.googleapis.com/auth/firebase","openid"]
[debug] [2018-03-12T09:52:44.159Z] >>> HTTP REQUEST POST https://www.googleapis.com/oauth2/v3/token  
 { refresh_token: '1/6JvUkT8NBgZmsp9aCeCDczVc5UuS1Y7lmJlUE-ovUEc',
  client_id: '563584335869-fgrhgmd47bqnekij5i8b5pr03ho849e6.apps.googleusercontent.com',
  client_secret: 'j9iVZfS8kkCEFUPaAeJV0sAi',
  grant_type: 'refresh_token',
  scope: 'email https://www.googleapis.com/auth/cloud-platform https://www.googleapis.com/auth/cloudplatformprojects.readonly https://www.googleapis.com/auth/firebase openid' } 
 Mon Mar 12 2018 18:52:44 GMT+0900 (대한민국 표준시)
[debug] [2018-03-12T09:52:44.954Z] <<< HTTP RESPONSE 200
[debug] [2018-03-12T09:52:44.982Z] >>> HTTP REQUEST GET https://admin.firebase.com/v1/projects/coupwa  
  
 Mon Mar 12 2018 18:52:44 GMT+0900 (대한민국 표준시)
[debug] [2018-03-12T09:52:45.777Z] <<< HTTP RESPONSE 200
[debug] [2018-03-12T09:52:45.779Z] >>> HTTP REQUEST GET https://admin.firebase.com/v1/database/coupwa/tokens  
  
 Mon Mar 12 2018 18:52:45 GMT+0900 (대한민국 표준시)
[debug] [2018-03-12T09:52:46.611Z] <<< HTTP RESPONSE 200
[info] i  functions: Preparing to emulate functions.
[debug] [2018-03-12T09:52:49.688Z] Fetching environment
[debug] [2018-03-12T09:52:49.691Z] >>> HTTP REQUEST GET https://appengine.googleapis.com/v1/apps/coupwa  
  
 Mon Mar 12 2018 18:52:49 GMT+0900 (대한민국 표준시)
[debug] [2018-03-12T09:52:49.693Z] >>> HTTP REQUEST GET https://apikeys.googleapis.com/v1/projects/coupwa/apiKeys  
  
 Mon Mar 12 2018 18:52:49 GMT+0900 (대한민국 표준시)
[debug] [2018-03-12T09:52:50.744Z] <<< HTTP RESPONSE 200
[debug] [2018-03-12T09:52:50.788Z] <<< HTTP RESPONSE 200
[debug] [2018-03-12T09:52:50.789Z] Starting @google-cloud/functions-emulator
[debug] [2018-03-12T09:53:01.502Z] Parsing function triggers
[info] +  functions: helloWorld4
[info] +  functions: helloWorld1
[info] +  functions: sendNotification
[info] +  functions: downloadChapter
[info] +  functions: getMainBannerImage
[info] +  functions: getMainContentList
[info] +  functions: time
[info] +  functions: helloWorld2
[info] +  functions: createToon
[info] +  functions: createSeries
[info] +  functions: getUserToon
[info] +  functions: createSeq
[info] +  functions: askPermission
[info] +  functions: getUser
[info] +  functions: searchUser
[info] +  functions: testFc
[info] +  functions: imagePipe
[info] +  functions: images
[info] +  functions: bannerImage
[info] +  functions: getWeekAllToonInfoBySort
[info] +  functions: addReceiver
[info] +  functions: getImageTest
[info] +  functions: requestRefererWebtoon
[info] +  functions: saveTodayBannerInfo
[info] +  functions: saveTodayWeekAllToonInfo
